<?xml version="1.0" encoding="UTF-8"?>
<!-- Generated by org.testng.reporters.JUnitXMLReporter -->
<testsuite ignored="1" hostname="DESKTOP-MMP14QM" failures="0" tests="2" name="Dataprovider" time="30.841" errors="0" timestamp="2024-08-21T18:51:32 IST">
  <testcase classname="Udemyacademy.PageObjects.SubmitOrderTest" name="submit" time="6.225"/>
  <testcase classname="Udemyacademy.PageObjects.SubmitOrderTest" name="submit" time="12.666"/>
  <testcase classname="Udemyacademy.PageObjects.SubmitOrderTest" name="verifyOrder" time="0.0">
    <ignored/>
  </testcase> <!-- verifyOrder -->
</testsuite> <!-- Dataprovider -->
