<?xml version="1.0" encoding="UTF-8"?>
<!-- Generated by org.testng.reporters.JUnitXMLReporter -->
<testsuite ignored="0" hostname="DESKTOP-MMP14QM" failures="0" tests="3" name="SubmitOrder" time="34.049" errors="0" timestamp="2024-08-21T21:34:10 IST">
  <testcase classname="Udemyacademy.PageObjects.SubmitOrderTest" name="submit" time="0.0">
    <skipped/>
  </testcase> <!-- submit -->
  <testcase classname="Udemyacademy.PageObjects.SubmitOrderTest" name="submit" time="0.0">
    <skipped/>
  </testcase> <!-- submit -->
  <testcase classname="Udemyacademy.PageObjects.SubmitOrderTest" name="verifyOrder" time="0.0">
    <skipped/>
  </testcase> <!-- verifyOrder -->
</testsuite> <!-- SubmitOrder -->
