<?xml version="1.0" encoding="UTF-8"?>
<testng-results ignored="0" total="0" passed="0" failed="0" skipped="0">
  <reporter-output>
  </reporter-output>
  <suite started-at="2024-08-24T17:49:29 IST" name="Parallel run" finished-at="2024-08-24T17:49:29 IST" duration-ms="0">
    <groups>
      <group name="Purchase">
        <method signature="SubmitOrderTest.submit(java.util.HashMap)[pri:0, instance:Udemyacademy.PageObjects.SubmitOrderTest@5db6b9cd]" name="submit" class="Udemyacademy.PageObjects.SubmitOrderTest"/>
      </group> <!-- Purchase -->
      <group name="Errorhandling">
        <method signature="ErrorValidations.loginErrorValidation()[pri:0, instance:Udemyacademy.PageObjects.ErrorValidations@7d9d0818]" name="loginErrorValidation" class="Udemyacademy.PageObjects.ErrorValidations"/>
        <method signature="ErrorValidations.productErrorValidation()[pri:0, instance:Udemyacademy.PageObjects.ErrorValidations@7d9d0818]" name="productErrorValidation" class="Udemyacademy.PageObjects.ErrorValidations"/>
      </group> <!-- Errorhandling -->
    </groups>
  </suite> <!-- Parallel run -->
</testng-results>
